<?xml version="1.0" encoding="UTF-8"?>
<!-- Generated by org.testng.reporters.JUnitReportReporter -->
<testsuite skipped="0" hostname="DESKTOP-68JT0BE" name="scripts.UserPageScript" tests="4" failures="0" timestamp="26 Dec 2018 02:16:01 GMT" time="15.127" errors="0">
  <testcase name="verifyUserPageNavigation" time="6.986" classname="scripts.UserPageScript"/>
  <testcase name="verifyUserSearchWithInvalidUserName" time="3.500" classname="scripts.UserPageScript"/>
  <testcase name="SearchWithValidUser" time="2.756" classname="scripts.UserPageScript"/>
  <testcase name="SearchByAdmin" time="1.885" classname="scripts.UserPageScript"/>
</testsuite> <!-- scripts.UserPageScript -->
