<?xml version="1.0" encoding="UTF-8"?>
<!-- Generated by org.testng.reporters.JUnitReportReporter -->
<testsuite skipped="0" hostname="DESKTOP-68JT0BE" name="invokeBrowser.StartBrowser" tests="1" failures="0" timestamp="11 Oct 2018 17:00:48 GMT" time="0.011" errors="0">
  <testcase name="check" time="0.011" classname="invokeBrowser.StartBrowser"/>
</testsuite> <!-- invokeBrowser.StartBrowser -->
