<?xml version="1.0" encoding="UTF-8"?>
<!-- Generated by org.testng.reporters.JUnitReportReporter -->
<testsuite skipped="0" hostname="Walkingtree-PC" name="demo.StartHeadlessBroser" tests="1" failures="0" timestamp="02 Jan 2019 10:58:36 GMT" time="5.387" errors="0">
  <testcase name="configureHeadlessBrowser" time="5.387" classname="demo.StartHeadlessBroser"/>
</testsuite> <!-- demo.StartHeadlessBroser -->
