<?xml version="1.0" encoding="UTF-8"?>
<!-- Generated by org.testng.reporters.JUnitReportReporter -->
<testsuite skipped="0" hostname="DESKTOP-68JT0BE" name="scripts.LoginPageScript" tests="8" failures="0" timestamp="13 Dec 2018 01:04:29 GMT" time="49.587" errors="0">
  <testcase name="verifyLoginPageExistance" time="0.206" classname="scripts.LoginPageScript"/>
  <testcase name="verify_Username_Password_LoginButtonField" time="0.176" classname="scripts.LoginPageScript"/>
  <testcase name="verifyUserIsAbleToEnterDataOrNotIn_userNameAndPasswordSection" time="1.664" classname="scripts.LoginPageScript"/>
  <testcase name="verifyOrangeHrMLink" time="6.963" classname="scripts.LoginPageScript"/>
  <testcase name="verifyFacebookLink" time="12.129" classname="scripts.LoginPageScript"/>
  <testcase name="verifyTwitterLink" time="7.524" classname="scripts.LoginPageScript"/>
  <testcase name="verifyYoutubeLink" time="8.795" classname="scripts.LoginPageScript"/>
  <testcase name="verifyLogin" time="12.130" classname="scripts.LoginPageScript"/>
</testsuite> <!-- scripts.LoginPageScript -->
