<?xml version="1.0" encoding="UTF-8"?>
<!-- Generated by org.testng.reporters.JUnitReportReporter -->
<testsuite skipped="0" hostname="DESKTOP-68JT0BE" name="scripts.UserPageScript" tests="3" failures="0" timestamp="21 Dec 2018 00:48:44 GMT" time="19.874" errors="0">
  <testcase name="verifyUserPageNavigation" time="11.967" classname="scripts.UserPageScript"/>
  <testcase name="verifyUserSearchWithInvalidUserName" time="4.438" classname="scripts.UserPageScript"/>
  <testcase name="SearchWithValidUser" time="3.469" classname="scripts.UserPageScript"/>
</testsuite> <!-- scripts.UserPageScript -->
