<?xml version="1.0" encoding="UTF-8"?>
<!-- Generated by org.testng.reporters.JUnitReportReporter -->
<testsuite skipped="0" hostname="DESKTOP-68JT0BE" name="scripts.UserPageScript" tests="5" failures="0" timestamp="26 Dec 2018 02:33:29 GMT" time="39.272" errors="0">
  <testcase name="verifyUserPageNavigation" time="27.723" classname="scripts.UserPageScript"/>
  <testcase name="verifyUserSearchWithInvalidUserName" time="3.789" classname="scripts.UserPageScript"/>
  <testcase name="SearchWithValidUser" time="2.621" classname="scripts.UserPageScript"/>
  <testcase name="SearchByAdmin" time="1.808" classname="scripts.UserPageScript"/>
  <testcase name="searchByEss" time="3.331" classname="scripts.UserPageScript"/>
</testsuite> <!-- scripts.UserPageScript -->
