<?xml version="1.0" encoding="UTF-8"?>
<!-- Generated by org.testng.reporters.JUnitReportReporter -->
<testsuite skipped="0" hostname="Walkingtree-PC" name="scripts.UserPageScript" tests="3" failures="0" timestamp="17 Dec 2018 11:20:56 GMT" time="10.648" errors="0">
  <testcase name="verifyUserPageNavigation" time="5.411" classname="scripts.UserPageScript"/>
  <testcase name="verifyUserSearchWithInvalidUserName" time="2.668" classname="scripts.UserPageScript"/>
  <testcase name="SearchWithValidUser" time="2.569" classname="scripts.UserPageScript"/>
</testsuite> <!-- scripts.UserPageScript -->
