<?xml version="1.0" encoding="UTF-8"?>
<!-- Generated by org.testng.reporters.JUnitReportReporter -->
<testsuite skipped="0" hostname="Walkingtree-PC" name="staticDataManager.ApplicationLevelMethod" tests="1" failures="0" timestamp="14 Dec 2018 13:14:44 GMT" time="0.014" errors="0">
  <testcase name="getColumnHeading" time="0.014" classname="staticDataManager.ApplicationLevelMethod"/>
</testsuite> <!-- staticDataManager.ApplicationLevelMethod -->
