<?xml version="1.0" encoding="UTF-8"?>
<!-- Generated by org.testng.reporters.JUnitReportReporter -->
<testsuite skipped="0" hostname="DESKTOP-68JT0BE" name="methodTesting.methodTesting" tests="1" failures="0" timestamp="02 Dec 2018 05:51:45 GMT" time="22.237" errors="0">
  <testcase name="handleDropDown" time="22.237" classname="methodTesting.methodTesting"/>
</testsuite> <!-- methodTesting.methodTesting -->
