<?xml version="1.0" encoding="UTF-8"?>
<!-- Generated by org.testng.reporters.JUnitReportReporter -->
<testsuite skipped="0" hostname="DESKTOP-68JT0BE" name="scripts.UserPageScript" tests="1" failures="0" timestamp="12 Dec 2018 01:22:29 GMT" time="8.085" errors="0">
  <testcase name="verifyUserPageNavigation" time="8.085" classname="scripts.UserPageScript"/>
</testsuite> <!-- scripts.UserPageScript -->
