<?xml version="1.0" encoding="UTF-8"?>
<!-- Generated by org.testng.reporters.JUnitReportReporter -->
<testsuite skipped="0" hostname="DESKTOP-68JT0BE" name="scripts.UserPageScript" tests="2" failures="0" timestamp="14 Dec 2018 01:21:03 GMT" time="24.276" errors="0">
  <testcase name="verifyUserPageNavigation" time="20.922" classname="scripts.UserPageScript"/>
  <testcase name="verifyUserSearchWithInvalidUserName" time="3.354" classname="scripts.UserPageScript"/>
</testsuite> <!-- scripts.UserPageScript -->
